Command: vcs -full64 -debug_access+all -line +vcsd +vpi +plusarg_save -Mupdate +error+10 \
+v2k +ntb_exit_on_error=10 -timescale=1ns/100ps -negdelay +neg_tchk +memcbk +sdfverbose \
+warn=all +warn=noTFIPC +nospecify +warn=noWSUM -l vcs.log -f ./flist.f
                         Chronologic VCS (TM)
         Version T-2022.06_Full64 -- Sun Mar 22 00:48:55 2026

                    Copyright (c) 1991 - 2022 Synopsys, Inc.
   This software and the associated documentation are proprietary to Synopsys,
 Inc. This software may only be used in accordance with the terms and conditions
 of a written license agreement with Synopsys, Inc. All other use, reproduction,
   or distribution of this software is strictly prohibited.  Licensed Products
     communicate with Synopsys servers for the purpose of providing software
    updates, detecting software piracy and verifying that customers are using
    Licensed Products in conformity with the applicable License Key for such
  Licensed Products. Synopsys will use information gathered in connection with
    this process to deliver software updates and pursue software pirates and
                                   infringers.

 Inclusivity & Diversity - Visit SolvNetPlus to read the "Synopsys Statement on
            Inclusivity and Diversity" (Refer to article 000036315 at
                        https://solvnetplus.synopsys.com)

Parsing design file '../tb/tb.v'
Parsing design file '../Full_pipeline/aes_top.v'
Parsing design file '../Full_pipeline/cipher_round.v'
Parsing design file '../Full_pipeline/cipher_top.v'
Parsing design file '../Full_pipeline/key_expand.v'
Parsing design file '../Full_pipeline/Sbox.v'
Top Level Modules:
       aes_top_tb
TimeScale is 1 ns / 1 ps
Starting vcs inline pass...

3 modules and 0 UDP read.
recompiling module aes_top_tb
recompiling module encrypt_round
recompiling module sbox
All of 3 modules done
rm -f _cuarc*.so _csrc*.so pre_vcsobj_*.so share_vcsobj_*.so
if [ -x ../simv ]; then chmod a-x ../simv; fi
g++  -o ../simv      -rdynamic  -Wl,-rpath='$ORIGIN'/simv.daidir -Wl,-rpath=./simv.daidir \
-Wl,-rpath=/usr/Synopsys/vcs/T-2022.06/linux64/lib -L/usr/Synopsys/vcs/T-2022.06/linux64/lib \
-Wl,-rpath-link=./  /usr/lib64/libnuma.so.1   objs/amcQw_d.o   _5266_archive_1.so \
SIM_l.o      rmapats_mop.o rmapats.o rmar.o rmar_nd.o  rmar_llvm_0_1.o rmar_llvm_0_0.o \
-lvirsim -lerrorinf -lsnpsmalloc -lvfs    -lvcsnew -lsimprofile -luclinative /usr/Synopsys/vcs/T-2022.06/linux64/lib/vcs_tls.o \
-Wl,-whole-archive  -lvcsucli    -Wl,-no-whole-archive        _vcs_pli_stub_.o   \
/usr/Synopsys/vcs/T-2022.06/linux64/lib/vcs_save_restore_new.o /usr/Synopsys/verdi/T-2022.06/share/PLI/VCS/LINUX64/pli.a \
-ldl  -lc -lm -lpthread -ldl 
../simv up to date
CPU time: .488 seconds to compile + .375 seconds to elab + .118 seconds to link
