#@ # 
#@ # Running fm_shell Version O-2018.06-SP1 for linux64 -- Jul 18, 2018
#@ # Date:   Sun Jun 16 15:16:37 2024
#@ # Run by: ICer@eda
#@ 

source /home/synopsys/fm/fm/O-2018.06-SP1/admin/setup/.synopsys_fm.setup
#@ # -- Starting source /home/synopsys/fm/fm/O-2018.06-SP1/admin/setup/.synopsys_fm.setup

#@ #
#@ # .synopsys_fm.setup: Initialization File for Formality
#@ #
#@ 
#@ 
#@ #
#@ # Enable stack trace output on fatal.  Not available for all architectures.
#@ #
#@ if { $sh_arch == "sparc" || $sh_arch == "sparcOS5" ||      $sh_arch == "hp700" || $sh_arch == "hpux10" } {
#@   set_unix_variable SYNOPSYS_TRACE ""
#@ }
#@ 
#@ #
#@ # Variable settings
#@ #
#@ set sh_new_variable_message true
#@ 
#@ #
#@ # Synopsys strongly recommends that you uncomment the following command
#@ # in order to set sh_command_abbrev_mode to the value "Command-Line-Only".
#@ # Command abbreviation is intended as an interactive convenience.  Using
#@ # abbreviations in scripts can cause commands to fail in subsequent releases.
#@ # 
#@ #set sh_command_abbrev_mode "Command-Line-Only"
#@ 
#@ #
#@ # Some useful aliases
#@ #
#@ alias list_commands		help
#@ 
#@ #
#@ # The alias of q to quit is commented out.  Remove the comment 
#@ # character if you want this alias.  Some users find that having 
#@ # this particular alias causes problems when mixed with page-mode
#@ # for reports - an accidental repeated 'q' not only cancels the
#@ # output but exits the tool.
#@ #
#@ #alias q quit
#@ # -- End source /home/synopsys/fm/fm/O-2018.06-SP1/admin/setup/.synopsys_fm.setup

source /home/ICer/AES_ASIC/FM_RTL_PostDC/.synopsys_fm.setup
#@ # -- Starting source /home/ICer/AES_ASIC/FM_RTL_PostDC/.synopsys_fm.setup

#@ 
#@ # Define working directory
#@ 
#@ set TOPDIR	[sh pwd]
#@ 
#@ # Define RTL source files directory
#@ 
#@ set topDir 		"../aes_ASIC/rtl"
#@ 
#@ # Output files directory
#@ set reportsDir 		"$TOPDIR/reports"
#@ set netlistDir 		"$TOPDIR/netlist"
#@ set svfDir 		"$TOPDIR/svf"
#@ 
#@ # Design Compile system setting
#@ set search_path      	". $topDir"
#@ lappend search_path  	"../lib/SAED32_EDK/lib/io_std/verilog/"
#@ lappend search_path  	"../lib/SAED32_EDK/lib/io_std/db_nldm/"
#@ lappend search_path  	"../lib/SAED32_EDK/lib/stdcell_hvt/verilog/"
#@ lappend search_path  	"../lib/SAED32_EDK/lib/stdcell_hvt/db_nldm/"
#@ lappend search_path  	"../lib/SAED32_EDK/lib/stdcell_rvt/verilog/"
#@ lappend search_path  	"../lib/SAED32_EDK/lib/stdcell_rvt/db_nldm/"
#@ 
#@ # Cell library
#@ set target_library     	"saed32hvt_tt1p05v25c.db  saed32rvt_tt1p05v25c.db"
#@ 
#@ # Pad library
#@ set  other_library " saed32io_fc_tt1p05v25c_2p5v.db  "
#@ 
#@ 
#@ set synthetic_library 	"dw_foundation.sldb"
#@ 
#@ set link_library    	"* $target_library $synthetic_library $other_library"
#@ 
#@ 
#@ 
#@ 
#@ set hdlin_dwroot    /home/synopsys/dc/syn/O-2018.06-SP1
#@ 
#@ 
#@ 
#@ set cache_write ./
#@ 
#@ set cache_read $cache_write
#@ 
#@ alias h history
#@ 
#@ history keep 100
#@ 
#@ set suppress_message {VER-130 VER-311 VER-314 LINT-1 LINT-2 LINT-3 LINT-10 LINT-25 LINT-28 LINT-29 LINT-31 LINT-32 LINT-33 LINT-52 LINT-58 LINT-59 OPT-1055 OPT-1207 VER-61 ELAB-391 VER-318 ELAB-909 ELAB-311 INFO-103 ACS-128 ACS-130 UID-401}
#@ set suppress_errors {VER-130 VER-311 VER-314 LINT-1 LINT-2 LINT-3 LINT-10 LINT-25 LINT-28 LINT-29 LINT-31 LINT-32 LINT-33 LINT-52 LINT-58 LINT-59 OPT-1055 OPT-1207 VER-61 ELAB-391 VER-318 ELAB-909 ELAB-311 INFO-103 ACS-128 ACS-130 UID-401}
#@ 
#@ 
#@ # -- End source /home/ICer/AES_ASIC/FM_RTL_PostDC/.synopsys_fm.setup

source -echo -verbose aes_ASIC.fms
#@ # -- Starting source aes_ASIC.fms

#@ date
#@ set TOP_MODULE aes_ASIC
#@ set	search_path	"$search_path  $topDir "
#@ #Guidance
#@ set 	synopsys_auto_setup 	true
#@ set_svf ${svfDir}/${TOP_MODULE}.svf
#@ 
#@ 
#@ read_db " lib/SAED32_EDK/lib/stdcell_hvt/db_nldm/saed32hvt_tt1p05v25c.db  lib/SAED32_EDK/lib/io_std/db_nldm/saed32io_fc_tt1p05v25c_2p5v.db    lib/SAED32_EDK/lib/stdcell_rvt/db_nldm/saed32rvt_tt1p05v25c.db   " 
#@ 
#@ read_verilog -r [sh ls $topDir/*.v]
#@ set_top ${TOP_MODULE}
#@ 
#@ 
#@ 
#@ read_verilog -i netlist/${TOP_MODULE}.vg
#@ set_top ${TOP_MODULE}
#@ 
#@ report_container
#@ 
#@ match
#@ report_matched_points
#@ 
#@ if [ verify ] {
#@ 	date
#@ 	exit
#@ } else {
#@   	diagnose
#@         report_unmatched
#@         report_failing
#@         report_error_candidates
#@ }
