Info:  Multiple drivers on net r:/SAED32IO_FC_TT1P05V25C_2P5V/D12I1025_NS/n1.
Info:  Multiple drivers on net i:/SAED32IO_FC_TT1P05V25C_2P5V/D12I1025_NS/n1.
guide_reg_constant 4 (Line: 83) Injecting trivial constant
guide_reg_constant 5 (Line: 89) Injecting trivial constant
guide_reg_constant 6 (Line: 95) Injecting trivial constant
guide_reg_constant 7 (Line: 101) Injecting trivial constant
guide_reg_constant 8 (Line: 107) Injecting trivial constant
guide_reg_constant 9 (Line: 113) Injecting trivial constant
guide_reg_constant 10 (Line: 119) Injecting trivial constant
guide_reg_constant 11 (Line: 125) Injecting trivial constant
guide_reg_constant 12 (Line: 131) Injecting trivial constant
guide_reg_constant 13 (Line: 137) Injecting trivial constant
guide_reg_constant 14 (Line: 143) Injecting trivial constant
guide_reg_constant 15 (Line: 149) Injecting trivial constant
guide_reg_constant 16 (Line: 155) Injecting trivial constant
guide_reg_constant 17 (Line: 161) Injecting trivial constant
guide_reg_constant 18 (Line: 167) Injecting trivial constant
guide_reg_constant 19 (Line: 173) Injecting trivial constant
guide_reg_constant 20 (Line: 179) Injecting trivial constant
guide_reg_constant 21 (Line: 185) Injecting trivial constant
guide_reg_constant 22 (Line: 191) Injecting trivial constant
guide_reg_constant 23 (Line: 197) Injecting trivial constant
guide_reg_constant 24 (Line: 203) Injecting trivial constant
guide_reg_constant 25 (Line: 209) Injecting trivial constant
guide_reg_constant 26 (Line: 215) Injecting trivial constant
guide_reg_constant 27 (Line: 221) Injecting trivial constant
Info:  guide_change_names 32 (Line: 267)  Cannot find or apply name change to port 'wb_dat_o[31]_BAR' in design 'aes_top'.
Info:  guide_change_names 32 (Line: 267)  Cannot find or apply name change to port 'wb_dat_o[30]_BAR' in design 'aes_top'.
Info:  guide_change_names 32 (Line: 267)  Cannot find or apply name change to port 'wb_dat_o[29]_BAR' in design 'aes_top'.
Info:  guide_change_names 32 (Line: 267)  Cannot find or apply name change to port 'wb_dat_o[28]_BAR' in design 'aes_top'.
Info:  guide_change_names 32 (Line: 267)  Cannot find or apply name change to port 'wb_dat_o[27]_BAR' in design 'aes_top'.
Info:  guide_change_names 32 (Line: 267)  Cannot find or apply name change to port 'wb_dat_o[26]_BAR' in design 'aes_top'.
Info:  guide_change_names 32 (Line: 267)  Cannot find or apply name change to port 'wb_dat_o[25]_BAR' in design 'aes_top'.
Info:  guide_change_names 32 (Line: 267)  Cannot find or apply name change to port 'wb_dat_o[24]_BAR' in design 'aes_top'.
Info:  guide_change_names 32 (Line: 267)  Cannot find or apply name change to port 'wb_dat_o[23]_BAR' in design 'aes_top'.
Info:  guide_change_names 32 (Line: 267)  Cannot find or apply name change to port 'wb_dat_o[22]_BAR' in design 'aes_top'.
Info:  guide_change_names 32 (Line: 267)  Cannot find or apply name change to port 'wb_dat_o[21]_BAR' in design 'aes_top'.
Info:  guide_change_names 32 (Line: 267)  Cannot find or apply name change to port 'wb_dat_o[20]_BAR' in design 'aes_top'.
Info:  guide_change_names 32 (Line: 267)  Cannot find or apply name change to port 'wb_dat_o[19]_BAR' in design 'aes_top'.
Info:  guide_change_names 32 (Line: 267)  Cannot find or apply name change to port 'wb_dat_o[18]_BAR' in design 'aes_top'.
Info:  guide_change_names 32 (Line: 267)  Cannot find or apply name change to port 'wb_dat_o[17]_BAR' in design 'aes_top'.
Info:  guide_change_names 32 (Line: 267)  Cannot find or apply name change to port 'wb_dat_o[16]_BAR' in design 'aes_top'.
Info:  guide_change_names 32 (Line: 267)  Cannot find or apply name change to port 'wb_dat_o[15]_BAR' in design 'aes_top'.
Info:  guide_change_names 32 (Line: 267)  Cannot find or apply name change to port 'wb_dat_o[14]_BAR' in design 'aes_top'.
Info:  guide_change_names 32 (Line: 267)  Cannot find or apply name change to port 'wb_dat_o[13]_BAR' in design 'aes_top'.
Info:  guide_change_names 32 (Line: 267)  Cannot find or apply name change to port 'wb_dat_o[12]_BAR' in design 'aes_top'.
Info:  guide_change_names 32 (Line: 267)  Cannot find or apply name change to port 'wb_dat_o[11]_BAR' in design 'aes_top'.
Info:  guide_change_names 32 (Line: 267)  Cannot find or apply name change to port 'wb_dat_o[10]_BAR' in design 'aes_top'.
Info:  guide_change_names 32 (Line: 267)  Cannot find or apply name change to port 'wb_dat_o[9]_BAR' in design 'aes_top'.
Info:  guide_change_names 32 (Line: 267)  Cannot find or apply name change to port 'wb_dat_o[8]_BAR' in design 'aes_top'.
Info:  guide_change_names 32 (Line: 267)  Cannot find or apply name change to port 'wb_dat_o[7]_BAR' in design 'aes_top'.
Info:  guide_change_names 32 (Line: 267)  Cannot find or apply name change to port 'wb_dat_o[6]_BAR' in design 'aes_top'.
Info:  guide_change_names 32 (Line: 267)  Cannot find or apply name change to port 'wb_dat_o[5]_BAR' in design 'aes_top'.
Info:  guide_change_names 32 (Line: 267)  Cannot find or apply name change to port 'wb_dat_o[4]_BAR' in design 'aes_top'.
Info:  guide_change_names 32 (Line: 267)  Cannot find or apply name change to port 'wb_dat_o[3]_BAR' in design 'aes_top'.
Info:  guide_change_names 32 (Line: 267)  Cannot find or apply name change to port 'wb_dat_o[2]_BAR' in design 'aes_top'.
Info:  guide_change_names 32 (Line: 267)  Cannot find or apply name change to port 'wb_dat_o[1]_BAR' in design 'aes_top'.
Info:  guide_change_names 32 (Line: 267)  Cannot find or apply name change to port 'wb_dat_o[0]_BAR' in design 'aes_top'.
Info:  SVF Operation 32 (Line: 267) - change_names.  Status: rejected

Info:  guide_change_names 34 (Line: 1150)  Cannot find or apply name change to port 'wo_3[29]_BAR' in design 'aes_key_expand_128'.
Info:  guide_change_names 34 (Line: 1150)  Cannot find or apply name change to port 'wo_3[28]_BAR' in design 'aes_key_expand_128'.
Info:  guide_change_names 34 (Line: 1150)  Cannot find or apply name change to port 'wo_3[27]_BAR' in design 'aes_key_expand_128'.
Info:  guide_change_names 34 (Line: 1150)  Cannot find or apply name change to port 'wo_3[26]_BAR' in design 'aes_key_expand_128'.
Info:  guide_change_names 34 (Line: 1150)  Cannot find or apply name change to port 'wo_3[25]_BAR' in design 'aes_key_expand_128'.
Info:  guide_change_names 34 (Line: 1150)  Cannot find or apply name change to port 'wo_3[24]_BAR' in design 'aes_key_expand_128'.
Info:  guide_change_names 34 (Line: 1150)  Cannot find or apply name change to port 'wo_3[23]_BAR' in design 'aes_key_expand_128'.
Info:  guide_change_names 34 (Line: 1150)  Cannot find or apply name change to port 'wo_3[22]_BAR' in design 'aes_key_expand_128'.
Info:  guide_change_names 34 (Line: 1150)  Cannot find or apply name change to port 'wo_3[21]_BAR' in design 'aes_key_expand_128'.
Info:  guide_change_names 34 (Line: 1150)  Cannot find or apply name change to port 'wo_3[20]_BAR' in design 'aes_key_expand_128'.
Info:  guide_change_names 34 (Line: 1150)  Cannot find or apply name change to port 'wo_3[19]_BAR' in design 'aes_key_expand_128'.
Info:  guide_change_names 34 (Line: 1150)  Cannot find or apply name change to port 'wo_3[18]_BAR' in design 'aes_key_expand_128'.
Info:  guide_change_names 34 (Line: 1150)  Cannot find or apply name change to port 'wo_3[17]_BAR' in design 'aes_key_expand_128'.
Info:  guide_change_names 34 (Line: 1150)  Cannot find or apply name change to port 'wo_3[16]_BAR' in design 'aes_key_expand_128'.
Info:  guide_change_names 34 (Line: 1150)  Cannot find or apply name change to port 'wo_3[15]_BAR' in design 'aes_key_expand_128'.
Info:  guide_change_names 34 (Line: 1150)  Cannot find or apply name change to port 'wo_3[14]_BAR' in design 'aes_key_expand_128'.
Info:  guide_change_names 34 (Line: 1150)  Cannot find or apply name change to port 'wo_3[13]_BAR' in design 'aes_key_expand_128'.
Info:  guide_change_names 34 (Line: 1150)  Cannot find or apply name change to port 'wo_3[12]_BAR' in design 'aes_key_expand_128'.
Info:  guide_change_names 34 (Line: 1150)  Cannot find or apply name change to port 'wo_3[11]_BAR' in design 'aes_key_expand_128'.
Info:  guide_change_names 34 (Line: 1150)  Cannot find or apply name change to port 'wo_3[10]_BAR' in design 'aes_key_expand_128'.
Info:  guide_change_names 34 (Line: 1150)  Cannot find or apply name change to port 'wo_3[9]_BAR' in design 'aes_key_expand_128'.
Info:  guide_change_names 34 (Line: 1150)  Cannot find or apply name change to port 'wo_3[8]_BAR' in design 'aes_key_expand_128'.
Info:  guide_change_names 34 (Line: 1150)  Cannot find or apply name change to port 'wo_3[7]_BAR' in design 'aes_key_expand_128'.
Info:  guide_change_names 34 (Line: 1150)  Cannot find or apply name change to port 'wo_3[6]_BAR' in design 'aes_key_expand_128'.
Info:  guide_change_names 34 (Line: 1150)  Cannot find or apply name change to port 'wo_3[5]_BAR' in design 'aes_key_expand_128'.
Info:  guide_change_names 34 (Line: 1150)  Cannot find or apply name change to port 'wo_3[4]_BAR' in design 'aes_key_expand_128'.
Info:  guide_change_names 34 (Line: 1150)  Cannot find or apply name change to port 'wo_3[3]_BAR' in design 'aes_key_expand_128'.
Info:  guide_change_names 34 (Line: 1150)  Cannot find or apply name change to port 'wo_3[2]_BAR' in design 'aes_key_expand_128'.
Info:  guide_change_names 34 (Line: 1150)  Cannot find or apply name change to port 'wo_3[1]_BAR' in design 'aes_key_expand_128'.
Info:  guide_change_names 34 (Line: 1150)  Cannot find or apply name change to port 'wo_3[0]_BAR' in design 'aes_key_expand_128'.
Info:  SVF Operation 34 (Line: 1150) - change_names.  Status: rejected

Info:  guide_change_names 36 (Line: 1408)  Cannot find or apply name change to port 'a[5]_BAR' in design 'aes_sbox_0'.
Info:  guide_change_names 36 (Line: 1408)  Cannot find or apply name change to port 'a[4]_BAR' in design 'aes_sbox_0'.
Info:  guide_change_names 36 (Line: 1408)  Cannot find or apply name change to port 'a[3]_BAR' in design 'aes_sbox_0'.
Info:  guide_change_names 36 (Line: 1408)  Cannot find or apply name change to port 'a[2]_BAR' in design 'aes_sbox_0'.
Info:  guide_change_names 36 (Line: 1408)  Cannot find or apply name change to port 'a[1]_BAR' in design 'aes_sbox_0'.
Info:  guide_change_names 36 (Line: 1408)  Cannot find or apply name change to port 'a[0]_BAR' in design 'aes_sbox_0'.
Info:  SVF Operation 36 (Line: 1408) - change_names.  Status: rejected

Info:  guide_change_names 37 (Line: 1427)  Cannot find or apply name change to port 'a[7]_BAR' in design 'aes_sbox_1'.
Info:  guide_change_names 37 (Line: 1427)  Cannot find or apply name change to port 'a[6]_BAR' in design 'aes_sbox_1'.
Info:  guide_change_names 37 (Line: 1427)  Cannot find or apply name change to port 'a[5]_BAR' in design 'aes_sbox_1'.
Info:  guide_change_names 37 (Line: 1427)  Cannot find or apply name change to port 'a[4]_BAR' in design 'aes_sbox_1'.
Info:  guide_change_names 37 (Line: 1427)  Cannot find or apply name change to port 'a[3]_BAR' in design 'aes_sbox_1'.
Info:  guide_change_names 37 (Line: 1427)  Cannot find or apply name change to port 'a[2]_BAR' in design 'aes_sbox_1'.
Info:  guide_change_names 37 (Line: 1427)  Cannot find or apply name change to port 'a[1]_BAR' in design 'aes_sbox_1'.
Info:  guide_change_names 37 (Line: 1427)  Cannot find or apply name change to port 'a[0]_BAR' in design 'aes_sbox_1'.
Info:  SVF Operation 37 (Line: 1427) - change_names.  Status: rejected

Info:  guide_change_names 38 (Line: 1446)  Cannot find or apply name change to port 'a[7]_BAR' in design 'aes_sbox_2'.
Info:  guide_change_names 38 (Line: 1446)  Cannot find or apply name change to port 'a[6]_BAR' in design 'aes_sbox_2'.
Info:  guide_change_names 38 (Line: 1446)  Cannot find or apply name change to port 'a[5]_BAR' in design 'aes_sbox_2'.
Info:  guide_change_names 38 (Line: 1446)  Cannot find or apply name change to port 'a[4]_BAR' in design 'aes_sbox_2'.
Info:  guide_change_names 38 (Line: 1446)  Cannot find or apply name change to port 'a[3]_BAR' in design 'aes_sbox_2'.
Info:  guide_change_names 38 (Line: 1446)  Cannot find or apply name change to port 'a[2]_BAR' in design 'aes_sbox_2'.
Info:  guide_change_names 38 (Line: 1446)  Cannot find or apply name change to port 'a[1]_BAR' in design 'aes_sbox_2'.
Info:  guide_change_names 38 (Line: 1446)  Cannot find or apply name change to port 'a[0]_BAR' in design 'aes_sbox_2'.
Info:  SVF Operation 38 (Line: 1446) - change_names.  Status: rejected

Info:  guide_change_names 39 (Line: 1465)  Cannot find or apply name change to port 'a[7]_BAR' in design 'aes_sbox_3'.
Info:  guide_change_names 39 (Line: 1465)  Cannot find or apply name change to port 'a[6]_BAR' in design 'aes_sbox_3'.
Info:  guide_change_names 39 (Line: 1465)  Cannot find or apply name change to port 'a[5]_BAR' in design 'aes_sbox_3'.
Info:  guide_change_names 39 (Line: 1465)  Cannot find or apply name change to port 'a[4]_BAR' in design 'aes_sbox_3'.
Info:  guide_change_names 39 (Line: 1465)  Cannot find or apply name change to port 'a[3]_BAR' in design 'aes_sbox_3'.
Info:  guide_change_names 39 (Line: 1465)  Cannot find or apply name change to port 'a[2]_BAR' in design 'aes_sbox_3'.
Info:  guide_change_names 39 (Line: 1465)  Cannot find or apply name change to port 'a[1]_BAR' in design 'aes_sbox_3'.
Info:  guide_change_names 39 (Line: 1465)  Cannot find or apply name change to port 'a[0]_BAR' in design 'aes_sbox_3'.
Info:  SVF Operation 39 (Line: 1465) - change_names.  Status: rejected

