Command: vcs -l vcs.log -full64 -notice -line -debug_all -P /home/synopsys/verdi/verdi/Verdi_O-2018.09-SP2/share/PLI/VCS/LINUX64/novas.tab \
/home/synopsys/verdi/verdi/Verdi_O-2018.09-SP2/share/PLI/VCS/LINUX64/pli.a -f vcs.args \

                         Chronologic VCS (TM)
        Version O-2018.09-1_Full64 -- Thu Aug 29 20:41:26 2024
               Copyright (c) 1991-2018 by Synopsys Inc.
                         ALL RIGHTS RESERVED

This program is proprietary and confidential information of Synopsys Inc.
and may be used and disclosed only as authorized in a license agreement
controlling such use and disclosure.


Warning-[DEPRECATED_OPTION] Deprecated option used
  The specified option '+acc' is deprecated.
  Please use '-debug_access+r+w+nomemcbk -debug_region+cell' instead.


Warning-[DEBUG_DEP] Option will be deprecated
  The option '-debug_all' will be deprecated in a future release.  Please use 
  '-debug_acc+all -debug_region+cell+encrypt' instead.

Parsing design file '../bench/wb_tb.v'
Parsing design file '../bench/wb_mast_model.v'
Parsing design file '../../lib/SAED32_EDK/lib/io_std/verilog/saed32nm_io_wb.v'
Parsing design file '../rtl/aes_cipher_top.v'
Parsing design file '../rtl/aes_sbox.v'
Parsing design file '../rtl/aes_rcon.v'
Parsing design file '../rtl/aes_key_expand_128.v'
Parsing design file '../rtl/aes_top.v'
Parsing design file '../rtl/aes_ASIC.v'
Top Level Modules:
       wb_tb
       A1825
       AR1825
       AVDD_NS
       AVDD_EW
       AVSS_NS
       AVSS_EW
       B12I1025_NS
       B12I1025_EW
       B12ISH1025_NS
       B12ISH1025_EW
       B16I1025_NS
       B16I1025_EW
       B16ISH1025_NS
       B16ISH1025_EW
       B4I1025_NS
       B4I1025_EW
       B4ISH1025_NS
       B4ISH1025_EW
       B8I1025_NS
       B8I1025_EW
       B8ISH1025_NS
       B8ISH1025_EW
       BONDPAD
       BREAKCORE
       BREAKIO
       CAPCORNER
       CIOVDDIOVSS_NS
       CIOVDDIOVSS_EW
       CORNER
       CVDDVSS_NS
       CVDDVSS_EW
       D12I1025_EW
       D16I1025_NS
       D16I1025_EW
       D4I1025_NS
       D4I1025_EW
       D8I1025_NS
       D8I1025_EW
       DIOVSSVSS
       FILLER
       FILLER01
       FILLER1
       FILLER10
       FILLER15
       FILLER20
       FILLER35
       FILLER40
       FILLER5
       FILLER50
       I1025_NS
       IOVDD_NS
       IOVDD_EW
       IOVSS_NS
       IOVSS_EW
       ISH1025_NS
       ISH1025_EW
       VDD_NS
       VDD_EW
       VSS_NS
       VSS_EW
       INPUT_BUFFER
TimeScale is 1 ns / 100 ps

Warning-[TFIPC] Too few instance port connections
../rtl/aes_ASIC.v, 38
aes_ASIC, "I1025_EW wb_clk_i_0( .PADIO (PAD_wb_clk_i),  .R_EN (1'b1),  .DOUT (wb_clk_i));"
  The above instance has fewer port connections than the module definition.
  Please use '+lint=TFIPC-L' to print out detailed information of unconnected 
  ports.


Warning-[TFIPC] Too few instance port connections
../rtl/aes_ASIC.v, 40
aes_ASIC, "I1025_EW wb_cyc_i_0( .PADIO (PAD_wb_cyc_i),  .R_EN (1'b1),  .DOUT (wb_cyc_i));"
  The above instance has fewer port connections than the module definition.
  Please use '+lint=TFIPC-L' to print out detailed information of unconnected 
  ports.


Warning-[TFIPC] Too few instance port connections
../rtl/aes_ASIC.v, 41
aes_ASIC, "I1025_EW wb_rst_i_0( .PADIO (PAD_wb_rst_i),  .R_EN (1'b1),  .DOUT (wb_rst_i));"
  The above instance has fewer port connections than the module definition.
  Please use '+lint=TFIPC-L' to print out detailed information of unconnected 
  ports.


Warning-[TFIPC] Too few instance port connections
../rtl/aes_ASIC.v, 42
aes_ASIC, "I1025_EW wb_adr_i_0( .PADIO (PAD_wb_adr_i[0]),  .R_EN (1'b1),  .DOUT (wb_adr_i[0]));"
  The above instance has fewer port connections than the module definition.
  Please use '+lint=TFIPC-L' to print out detailed information of unconnected 
  ports.


Warning-[TFIPC] Too few instance port connections
../rtl/aes_ASIC.v, 43
aes_ASIC, "I1025_EW wb_adr_i_1( .PADIO (PAD_wb_adr_i[1]),  .R_EN (1'b1),  .DOUT (wb_adr_i[1]));"
  The above instance has fewer port connections than the module definition.
  Please use '+lint=TFIPC-L' to print out detailed information of unconnected 
  ports.


Warning-[TFIPC] Too few instance port connections
../rtl/aes_ASIC.v, 44
aes_ASIC, "I1025_EW wb_adr_i_2( .PADIO (PAD_wb_adr_i[2]),  .R_EN (1'b1),  .DOUT (wb_adr_i[2]));"
  The above instance has fewer port connections than the module definition.
  Please use '+lint=TFIPC-L' to print out detailed information of unconnected 
  ports.


Warning-[TFIPC] Too few instance port connections
../rtl/aes_ASIC.v, 45
aes_ASIC, "I1025_EW wb_adr_i_3( .PADIO (PAD_wb_adr_i[3]),  .R_EN (1'b1),  .DOUT (wb_adr_i[3]));"
  The above instance has fewer port connections than the module definition.
  Please use '+lint=TFIPC-L' to print out detailed information of unconnected 
  ports.


Warning-[TFIPC] Too few instance port connections
../rtl/aes_ASIC.v, 46
aes_ASIC, "I1025_EW wb_adr_i_4( .PADIO (PAD_wb_adr_i[4]),  .R_EN (1'b1),  .DOUT (wb_adr_i[4]));"
  The above instance has fewer port connections than the module definition.
  Please use '+lint=TFIPC-L' to print out detailed information of unconnected 
  ports.


Warning-[TFIPC] Too few instance port connections
../rtl/aes_ASIC.v, 47
aes_ASIC, "I1025_EW wb_adr_i_5( .PADIO (PAD_wb_adr_i[5]),  .R_EN (1'b1),  .DOUT (wb_adr_i[5]));"
  The above instance has fewer port connections than the module definition.
  Please use '+lint=TFIPC-L' to print out detailed information of unconnected 
  ports.


Warning-[TFIPC] Too few instance port connections
../rtl/aes_ASIC.v, 50
aes_ASIC, "I1025_EW wb_dat_i_0( .PADIO (PAD_wb_dat_i[0]),  .R_EN (1'b1),  .DOUT (wb_dat_i[0]));"
  The above instance has fewer port connections than the module definition.
  Please use '+lint=TFIPC-L' to print out detailed information of unconnected 
  ports.


Warning-[TFIPC] Too few instance port connections
../rtl/aes_ASIC.v, 51
aes_ASIC, "I1025_EW wb_dat_i_1( .PADIO (PAD_wb_dat_i[1]),  .R_EN (1'b1),  .DOUT (wb_dat_i[1]));"
  The above instance has fewer port connections than the module definition.
  Please use '+lint=TFIPC-L' to print out detailed information of unconnected 
  ports.


Warning-[TFIPC] Too few instance port connections
../rtl/aes_ASIC.v, 52
aes_ASIC, "I1025_EW wb_dat_i_2( .PADIO (PAD_wb_dat_i[2]),  .R_EN (1'b1),  .DOUT (wb_dat_i[2]));"
  The above instance has fewer port connections than the module definition.
  Please use '+lint=TFIPC-L' to print out detailed information of unconnected 
  ports.


Warning-[TFIPC] Too few instance port connections
../rtl/aes_ASIC.v, 53
aes_ASIC, "I1025_EW wb_dat_i_3( .PADIO (PAD_wb_dat_i[3]),  .R_EN (1'b1),  .DOUT (wb_dat_i[3]));"
  The above instance has fewer port connections than the module definition.
  Please use '+lint=TFIPC-L' to print out detailed information of unconnected 
  ports.


Warning-[TFIPC] Too few instance port connections
../rtl/aes_ASIC.v, 54
aes_ASIC, "I1025_EW wb_dat_i_4( .PADIO (PAD_wb_dat_i[4]),  .R_EN (1'b1),  .DOUT (wb_dat_i[4]));"
  The above instance has fewer port connections than the module definition.
  Please use '+lint=TFIPC-L' to print out detailed information of unconnected 
  ports.


Warning-[TFIPC] Too few instance port connections
../rtl/aes_ASIC.v, 55
aes_ASIC, "I1025_EW wb_dat_i_5( .PADIO (PAD_wb_dat_i[5]),  .R_EN (1'b1),  .DOUT (wb_dat_i[5]));"
  The above instance has fewer port connections than the module definition.
  Please use '+lint=TFIPC-L' to print out detailed information of unconnected 
  ports.


Warning-[TFIPC] Too few instance port connections
../rtl/aes_ASIC.v, 56
aes_ASIC, "I1025_EW wb_dat_i_6( .PADIO (PAD_wb_dat_i[6]),  .R_EN (1'b1),  .DOUT (wb_dat_i[6]));"
  The above instance has fewer port connections than the module definition.
  Please use '+lint=TFIPC-L' to print out detailed information of unconnected 
  ports.


Warning-[TFIPC] Too few instance port connections
../rtl/aes_ASIC.v, 57
aes_ASIC, "I1025_EW wb_dat_i_7( .PADIO (PAD_wb_dat_i[7]),  .R_EN (1'b1),  .DOUT (wb_dat_i[7]));"
  The above instance has fewer port connections than the module definition.
  Please use '+lint=TFIPC-L' to print out detailed information of unconnected 
  ports.


Warning-[TFIPC] Too few instance port connections
../rtl/aes_ASIC.v, 58
aes_ASIC, "I1025_EW wb_dat_i_8( .PADIO (PAD_wb_dat_i[8]),  .R_EN (1'b1),  .DOUT (wb_dat_i[8]));"
  The above instance has fewer port connections than the module definition.
  Please use '+lint=TFIPC-L' to print out detailed information of unconnected 
  ports.


Warning-[TFIPC] Too few instance port connections
../rtl/aes_ASIC.v, 59
aes_ASIC, "I1025_EW wb_dat_i_9( .PADIO (PAD_wb_dat_i[9]),  .R_EN (1'b1),  .DOUT (wb_dat_i[9]));"
  The above instance has fewer port connections than the module definition.
  Please use '+lint=TFIPC-L' to print out detailed information of unconnected 
  ports.


Warning-[TFIPC] Too few instance port connections
../rtl/aes_ASIC.v, 60
aes_ASIC, "I1025_EW wb_dat_i_10( .PADIO (PAD_wb_dat_i[10]),  .R_EN (1'b1),  .DOUT (wb_dat_i[10]));"
  The above instance has fewer port connections than the module definition.
  Please use '+lint=TFIPC-L' to print out detailed information of unconnected 
  ports.


Warning-[TFIPC] Too few instance port connections
../rtl/aes_ASIC.v, 61
aes_ASIC, "I1025_EW wb_dat_i_11( .PADIO (PAD_wb_dat_i[11]),  .R_EN (1'b1),  .DOUT (wb_dat_i[11]));"
  The above instance has fewer port connections than the module definition.
  Please use '+lint=TFIPC-L' to print out detailed information of unconnected 
  ports.


Warning-[TFIPC] Too few instance port connections
../rtl/aes_ASIC.v, 62
aes_ASIC, "I1025_EW wb_dat_i_12( .PADIO (PAD_wb_dat_i[12]),  .R_EN (1'b1),  .DOUT (wb_dat_i[12]));"
  The above instance has fewer port connections than the module definition.
  Please use '+lint=TFIPC-L' to print out detailed information of unconnected 
  ports.


Warning-[TFIPC] Too few instance port connections
../rtl/aes_ASIC.v, 63
aes_ASIC, "I1025_EW wb_dat_i_13( .PADIO (PAD_wb_dat_i[13]),  .R_EN (1'b1),  .DOUT (wb_dat_i[13]));"
  The above instance has fewer port connections than the module definition.
  Please use '+lint=TFIPC-L' to print out detailed information of unconnected 
  ports.


Warning-[TFIPC] Too few instance port connections
../rtl/aes_ASIC.v, 64
aes_ASIC, "I1025_EW wb_dat_i_14( .PADIO (PAD_wb_dat_i[14]),  .R_EN (1'b1),  .DOUT (wb_dat_i[14]));"
  The above instance has fewer port connections than the module definition.
  Please use '+lint=TFIPC-L' to print out detailed information of unconnected 
  ports.


Warning-[TFIPC] Too few instance port connections
../rtl/aes_ASIC.v, 65
aes_ASIC, "I1025_EW wb_dat_i_15( .PADIO (PAD_wb_dat_i[15]),  .R_EN (1'b1),  .DOUT (wb_dat_i[15]));"
  The above instance has fewer port connections than the module definition.
  Please use '+lint=TFIPC-L' to print out detailed information of unconnected 
  ports.


Warning-[TFIPC] Too few instance port connections
../rtl/aes_ASIC.v, 66
aes_ASIC, "I1025_EW wb_dat_i_16( .PADIO (PAD_wb_dat_i[16]),  .R_EN (1'b1),  .DOUT (wb_dat_i[16]));"
  The above instance has fewer port connections than the module definition.
  Please use '+lint=TFIPC-L' to print out detailed information of unconnected 
  ports.


Warning-[TFIPC] Too few instance port connections
../rtl/aes_ASIC.v, 67
aes_ASIC, "I1025_EW wb_dat_i_17( .PADIO (PAD_wb_dat_i[17]),  .R_EN (1'b1),  .DOUT (wb_dat_i[17]));"
  The above instance has fewer port connections than the module definition.
  Please use '+lint=TFIPC-L' to print out detailed information of unconnected 
  ports.


Warning-[TFIPC] Too few instance port connections
../rtl/aes_ASIC.v, 68
aes_ASIC, "I1025_EW wb_dat_i_18( .PADIO (PAD_wb_dat_i[18]),  .R_EN (1'b1),  .DOUT (wb_dat_i[18]));"
  The above instance has fewer port connections than the module definition.
  Please use '+lint=TFIPC-L' to print out detailed information of unconnected 
  ports.


Warning-[TFIPC] Too few instance port connections
../rtl/aes_ASIC.v, 69
aes_ASIC, "I1025_EW wb_dat_i_19( .PADIO (PAD_wb_dat_i[19]),  .R_EN (1'b1),  .DOUT (wb_dat_i[19]));"
  The above instance has fewer port connections than the module definition.
  Please use '+lint=TFIPC-L' to print out detailed information of unconnected 
  ports.


Warning-[TFIPC] Too few instance port connections
../rtl/aes_ASIC.v, 70
aes_ASIC, "I1025_EW wb_dat_i_20( .PADIO (PAD_wb_dat_i[20]),  .R_EN (1'b1),  .DOUT (wb_dat_i[20]));"
  The above instance has fewer port connections than the module definition.
  Please use '+lint=TFIPC-L' to print out detailed information of unconnected 
  ports.


Warning-[TFIPC] Too few instance port connections
../rtl/aes_ASIC.v, 71
aes_ASIC, "I1025_EW wb_dat_i_21( .PADIO (PAD_wb_dat_i[21]),  .R_EN (1'b1),  .DOUT (wb_dat_i[21]));"
  The above instance has fewer port connections than the module definition.
  Please use '+lint=TFIPC-L' to print out detailed information of unconnected 
  ports.


Warning-[TFIPC] Too few instance port connections
../rtl/aes_ASIC.v, 72
aes_ASIC, "I1025_EW wb_dat_i_22( .PADIO (PAD_wb_dat_i[22]),  .R_EN (1'b1),  .DOUT (wb_dat_i[22]));"
  The above instance has fewer port connections than the module definition.
  Please use '+lint=TFIPC-L' to print out detailed information of unconnected 
  ports.


Warning-[TFIPC] Too few instance port connections
../rtl/aes_ASIC.v, 73
aes_ASIC, "I1025_EW wb_dat_i_23( .PADIO (PAD_wb_dat_i[23]),  .R_EN (1'b1),  .DOUT (wb_dat_i[23]));"
  The above instance has fewer port connections than the module definition.
  Please use '+lint=TFIPC-L' to print out detailed information of unconnected 
  ports.


Warning-[TFIPC] Too few instance port connections
../rtl/aes_ASIC.v, 74
aes_ASIC, "I1025_EW wb_dat_i_24( .PADIO (PAD_wb_dat_i[24]),  .R_EN (1'b1),  .DOUT (wb_dat_i[24]));"
  The above instance has fewer port connections than the module definition.
  Please use '+lint=TFIPC-L' to print out detailed information of unconnected 
  ports.


Warning-[TFIPC] Too few instance port connections
../rtl/aes_ASIC.v, 75
aes_ASIC, "I1025_EW wb_dat_i_25( .PADIO (PAD_wb_dat_i[25]),  .R_EN (1'b1),  .DOUT (wb_dat_i[25]));"
  The above instance has fewer port connections than the module definition.
  Please use '+lint=TFIPC-L' to print out detailed information of unconnected 
  ports.


Warning-[TFIPC] Too few instance port connections
../rtl/aes_ASIC.v, 76
aes_ASIC, "I1025_EW wb_dat_i_26( .PADIO (PAD_wb_dat_i[26]),  .R_EN (1'b1),  .DOUT (wb_dat_i[26]));"
  The above instance has fewer port connections than the module definition.
  Please use '+lint=TFIPC-L' to print out detailed information of unconnected 
  ports.


Warning-[TFIPC] Too few instance port connections
../rtl/aes_ASIC.v, 77
aes_ASIC, "I1025_EW wb_dat_i_27( .PADIO (PAD_wb_dat_i[27]),  .R_EN (1'b1),  .DOUT (wb_dat_i[27]));"
  The above instance has fewer port connections than the module definition.
  Please use '+lint=TFIPC-L' to print out detailed information of unconnected 
  ports.


Warning-[TFIPC] Too few instance port connections
../rtl/aes_ASIC.v, 78
aes_ASIC, "I1025_EW wb_dat_i_28( .PADIO (PAD_wb_dat_i[28]),  .R_EN (1'b1),  .DOUT (wb_dat_i[28]));"
  The above instance has fewer port connections than the module definition.
  Please use '+lint=TFIPC-L' to print out detailed information of unconnected 
  ports.


Warning-[TFIPC] Too few instance port connections
../rtl/aes_ASIC.v, 79
aes_ASIC, "I1025_EW wb_dat_i_29( .PADIO (PAD_wb_dat_i[29]),  .R_EN (1'b1),  .DOUT (wb_dat_i[29]));"
  The above instance has fewer port connections than the module definition.
  Please use '+lint=TFIPC-L' to print out detailed information of unconnected 
  ports.


Warning-[TFIPC] Too few instance port connections
../rtl/aes_ASIC.v, 80
aes_ASIC, "I1025_EW wb_dat_i_30( .PADIO (PAD_wb_dat_i[30]),  .R_EN (1'b1),  .DOUT (wb_dat_i[30]));"
  The above instance has fewer port connections than the module definition.
  Please use '+lint=TFIPC-L' to print out detailed information of unconnected 
  ports.


Warning-[TFIPC] Too few instance port connections
../rtl/aes_ASIC.v, 81
aes_ASIC, "I1025_EW wb_dat_i_31( .PADIO (PAD_wb_dat_i[31]),  .R_EN (1'b1),  .DOUT (wb_dat_i[31]));"
  The above instance has fewer port connections than the module definition.
  Please use '+lint=TFIPC-L' to print out detailed information of unconnected 
  ports.


Warning-[TFIPC] Too few instance port connections
../rtl/aes_ASIC.v, 84
aes_ASIC, "I1025_EW wb_sel_i_0( .PADIO (PAD_wb_sel_i[0]),  .R_EN (1'b1),  .DOUT (wb_sel_i[0]));"
  The above instance has fewer port connections than the module definition.
  Please use '+lint=TFIPC-L' to print out detailed information of unconnected 
  ports.


Warning-[TFIPC] Too few instance port connections
../rtl/aes_ASIC.v, 85
aes_ASIC, "I1025_EW wb_sel_i_1( .PADIO (PAD_wb_sel_i[1]),  .R_EN (1'b1),  .DOUT (wb_sel_i[1]));"
  The above instance has fewer port connections than the module definition.
  Please use '+lint=TFIPC-L' to print out detailed information of unconnected 
  ports.


Warning-[TFIPC] Too few instance port connections
../rtl/aes_ASIC.v, 86
aes_ASIC, "I1025_EW wb_sel_i_2( .PADIO (PAD_wb_sel_i[2]),  .R_EN (1'b1),  .DOUT (wb_sel_i[2]));"
  The above instance has fewer port connections than the module definition.
  Please use '+lint=TFIPC-L' to print out detailed information of unconnected 
  ports.


Warning-[TFIPC] Too few instance port connections
../rtl/aes_ASIC.v, 87
aes_ASIC, "I1025_EW wb_sel_i_3( .PADIO (PAD_wb_sel_i[3]),  .R_EN (1'b1),  .DOUT (wb_sel_i[3]));"
  The above instance has fewer port connections than the module definition.
  Please use '+lint=TFIPC-L' to print out detailed information of unconnected 
  ports.


Warning-[TFIPC] Too few instance port connections
../rtl/aes_ASIC.v, 90
aes_ASIC, "I1025_EW wb_we_i_0( .PADIO (PAD_wb_we_i),  .R_EN (1'b1),  .DOUT (wb_we_i));"
  The above instance has fewer port connections than the module definition.
  Please use '+lint=TFIPC-L' to print out detailed information of unconnected 
  ports.


Warning-[TFIPC] Too few instance port connections
../rtl/aes_ASIC.v, 91
aes_ASIC, "I1025_EW wb_stb_i_0( .PADIO (PAD_wb_stb_i),  .R_EN (1'b1),  .DOUT (wb_stb_i));"
  The above instance has fewer port connections than the module definition.
  Please use '+lint=TFIPC-L' to print out detailed information of unconnected 
  ports.


Warning-[TFIPC] Too few instance port connections
../rtl/aes_ASIC.v, 93
aes_ASIC, "D12I1025_NS wb_dat_o_0( .DIN (wb_dat_o[0]),  .EN (1'b1),  .PADIO (PAD_wb_dat_o[0]));"
  The above instance has fewer port connections than the module definition.
  Please use '+lint=TFIPC-L' to print out detailed information of unconnected 
  ports.


Warning-[TFIPC] Too few instance port connections
../rtl/aes_ASIC.v, 94
aes_ASIC, "D12I1025_NS wb_dat_o_1( .DIN (wb_dat_o[1]),  .EN (1'b1),  .PADIO (PAD_wb_dat_o[1]));"
  The above instance has fewer port connections than the module definition.
  Please use '+lint=TFIPC-L' to print out detailed information of unconnected 
  ports.


Warning-[TFIPC] Too few instance port connections
../rtl/aes_ASIC.v, 95
aes_ASIC, "D12I1025_NS wb_dat_o_2( .DIN (wb_dat_o[2]),  .EN (1'b1),  .PADIO (PAD_wb_dat_o[2]));"
  The above instance has fewer port connections than the module definition.
  Please use '+lint=TFIPC-L' to print out detailed information of unconnected 
  ports.


Warning-[TFIPC] Too few instance port connections
../rtl/aes_ASIC.v, 96
aes_ASIC, "D12I1025_NS wb_dat_o_3( .DIN (wb_dat_o[3]),  .EN (1'b1),  .PADIO (PAD_wb_dat_o[3]));"
  The above instance has fewer port connections than the module definition.
  Please use '+lint=TFIPC-L' to print out detailed information of unconnected 
  ports.


Warning-[TFIPC] Too few instance port connections
../rtl/aes_ASIC.v, 97
aes_ASIC, "D12I1025_NS wb_dat_o_4( .DIN (wb_dat_o[4]),  .EN (1'b1),  .PADIO (PAD_wb_dat_o[4]));"
  The above instance has fewer port connections than the module definition.
  Please use '+lint=TFIPC-L' to print out detailed information of unconnected 
  ports.


Warning-[TFIPC] Too few instance port connections
../rtl/aes_ASIC.v, 98
aes_ASIC, "D12I1025_NS wb_dat_o_5( .DIN (wb_dat_o[5]),  .EN (1'b1),  .PADIO (PAD_wb_dat_o[5]));"
  The above instance has fewer port connections than the module definition.
  Please use '+lint=TFIPC-L' to print out detailed information of unconnected 
  ports.


Warning-[TFIPC] Too few instance port connections
../rtl/aes_ASIC.v, 99
aes_ASIC, "D12I1025_NS wb_dat_o_6( .DIN (wb_dat_o[6]),  .EN (1'b1),  .PADIO (PAD_wb_dat_o[6]));"
  The above instance has fewer port connections than the module definition.
  Please use '+lint=TFIPC-L' to print out detailed information of unconnected 
  ports.


Warning-[TFIPC] Too few instance port connections
../rtl/aes_ASIC.v, 100
aes_ASIC, "D12I1025_NS wb_dat_o_7( .DIN (wb_dat_o[7]),  .EN (1'b1),  .PADIO (PAD_wb_dat_o[7]));"
  The above instance has fewer port connections than the module definition.
  Please use '+lint=TFIPC-L' to print out detailed information of unconnected 
  ports.


Warning-[TFIPC] Too few instance port connections
../rtl/aes_ASIC.v, 101
aes_ASIC, "D12I1025_NS wb_dat_o_8( .DIN (wb_dat_o[8]),  .EN (1'b1),  .PADIO (PAD_wb_dat_o[8]));"
  The above instance has fewer port connections than the module definition.
  Please use '+lint=TFIPC-L' to print out detailed information of unconnected 
  ports.


Warning-[TFIPC] Too few instance port connections
../rtl/aes_ASIC.v, 102
aes_ASIC, "D12I1025_NS wb_dat_o_9( .DIN (wb_dat_o[9]),  .EN (1'b1),  .PADIO (PAD_wb_dat_o[9]));"
  The above instance has fewer port connections than the module definition.
  Please use '+lint=TFIPC-L' to print out detailed information of unconnected 
  ports.


Warning-[TFIPC] Too few instance port connections
../rtl/aes_ASIC.v, 103
aes_ASIC, "D12I1025_NS wb_dat_o_10( .DIN (wb_dat_o[10]),  .EN (1'b1),  .PADIO (PAD_wb_dat_o[10]));"
  The above instance has fewer port connections than the module definition.
  Please use '+lint=TFIPC-L' to print out detailed information of unconnected 
  ports.


Warning-[TFIPC] Too few instance port connections
../rtl/aes_ASIC.v, 104
aes_ASIC, "D12I1025_NS wb_dat_o_11( .DIN (wb_dat_o[11]),  .EN (1'b1),  .PADIO (PAD_wb_dat_o[11]));"
  The above instance has fewer port connections than the module definition.
  Please use '+lint=TFIPC-L' to print out detailed information of unconnected 
  ports.


Warning-[TFIPC] Too few instance port connections
../rtl/aes_ASIC.v, 105
aes_ASIC, "D12I1025_NS wb_dat_o_12( .DIN (wb_dat_o[12]),  .EN (1'b1),  .PADIO (PAD_wb_dat_o[12]));"
  The above instance has fewer port connections than the module definition.
  Please use '+lint=TFIPC-L' to print out detailed information of unconnected 
  ports.


Warning-[TFIPC] Too few instance port connections
../rtl/aes_ASIC.v, 106
aes_ASIC, "D12I1025_NS wb_dat_o_13( .DIN (wb_dat_o[13]),  .EN (1'b1),  .PADIO (PAD_wb_dat_o[13]));"
  The above instance has fewer port connections than the module definition.
  Please use '+lint=TFIPC-L' to print out detailed information of unconnected 
  ports.


Warning-[TFIPC] Too few instance port connections
../rtl/aes_ASIC.v, 107
aes_ASIC, "D12I1025_NS wb_dat_o_14( .DIN (wb_dat_o[14]),  .EN (1'b1),  .PADIO (PAD_wb_dat_o[14]));"
  The above instance has fewer port connections than the module definition.
  Please use '+lint=TFIPC-L' to print out detailed information of unconnected 
  ports.


Warning-[TFIPC] Too few instance port connections
../rtl/aes_ASIC.v, 108
aes_ASIC, "D12I1025_NS wb_dat_o_15( .DIN (wb_dat_o[15]),  .EN (1'b1),  .PADIO (PAD_wb_dat_o[15]));"
  The above instance has fewer port connections than the module definition.
  Please use '+lint=TFIPC-L' to print out detailed information of unconnected 
  ports.


Warning-[TFIPC] Too few instance port connections
../rtl/aes_ASIC.v, 109
aes_ASIC, "D12I1025_NS wb_dat_o_16( .DIN (wb_dat_o[16]),  .EN (1'b1),  .PADIO (PAD_wb_dat_o[16]));"
  The above instance has fewer port connections than the module definition.
  Please use '+lint=TFIPC-L' to print out detailed information of unconnected 
  ports.


Warning-[TFIPC] Too few instance port connections
../rtl/aes_ASIC.v, 110
aes_ASIC, "D12I1025_NS wb_dat_o_17( .DIN (wb_dat_o[17]),  .EN (1'b1),  .PADIO (PAD_wb_dat_o[17]));"
  The above instance has fewer port connections than the module definition.
  Please use '+lint=TFIPC-L' to print out detailed information of unconnected 
  ports.


Warning-[TFIPC] Too few instance port connections
../rtl/aes_ASIC.v, 111
aes_ASIC, "D12I1025_NS wb_dat_o_18( .DIN (wb_dat_o[18]),  .EN (1'b1),  .PADIO (PAD_wb_dat_o[18]));"
  The above instance has fewer port connections than the module definition.
  Please use '+lint=TFIPC-L' to print out detailed information of unconnected 
  ports.


Warning-[TFIPC] Too few instance port connections
../rtl/aes_ASIC.v, 112
aes_ASIC, "D12I1025_NS wb_dat_o_19( .DIN (wb_dat_o[19]),  .EN (1'b1),  .PADIO (PAD_wb_dat_o[19]));"
  The above instance has fewer port connections than the module definition.
  Please use '+lint=TFIPC-L' to print out detailed information of unconnected 
  ports.


Warning-[TFIPC] Too few instance port connections
../rtl/aes_ASIC.v, 113
aes_ASIC, "D12I1025_NS wb_dat_o_20( .DIN (wb_dat_o[20]),  .EN (1'b1),  .PADIO (PAD_wb_dat_o[20]));"
  The above instance has fewer port connections than the module definition.
  Please use '+lint=TFIPC-L' to print out detailed information of unconnected 
  ports.


Warning-[TFIPC] Too few instance port connections
../rtl/aes_ASIC.v, 114
aes_ASIC, "D12I1025_NS wb_dat_o_21( .DIN (wb_dat_o[21]),  .EN (1'b1),  .PADIO (PAD_wb_dat_o[21]));"
  The above instance has fewer port connections than the module definition.
  Please use '+lint=TFIPC-L' to print out detailed information of unconnected 
  ports.


Warning-[TFIPC] Too few instance port connections
../rtl/aes_ASIC.v, 115
aes_ASIC, "D12I1025_NS wb_dat_o_22( .DIN (wb_dat_o[22]),  .EN (1'b1),  .PADIO (PAD_wb_dat_o[22]));"
  The above instance has fewer port connections than the module definition.
  Please use '+lint=TFIPC-L' to print out detailed information of unconnected 
  ports.


Warning-[TFIPC] Too few instance port connections
../rtl/aes_ASIC.v, 116
aes_ASIC, "D12I1025_NS wb_dat_o_23( .DIN (wb_dat_o[23]),  .EN (1'b1),  .PADIO (PAD_wb_dat_o[23]));"
  The above instance has fewer port connections than the module definition.
  Please use '+lint=TFIPC-L' to print out detailed information of unconnected 
  ports.


Warning-[TFIPC] Too few instance port connections
../rtl/aes_ASIC.v, 117
aes_ASIC, "D12I1025_NS wb_dat_o_24( .DIN (wb_dat_o[24]),  .EN (1'b1),  .PADIO (PAD_wb_dat_o[24]));"
  The above instance has fewer port connections than the module definition.
  Please use '+lint=TFIPC-L' to print out detailed information of unconnected 
  ports.


Warning-[TFIPC] Too few instance port connections
../rtl/aes_ASIC.v, 118
aes_ASIC, "D12I1025_NS wb_dat_o_25( .DIN (wb_dat_o[25]),  .EN (1'b1),  .PADIO (PAD_wb_dat_o[25]));"
  The above instance has fewer port connections than the module definition.
  Please use '+lint=TFIPC-L' to print out detailed information of unconnected 
  ports.


Warning-[TFIPC] Too few instance port connections
../rtl/aes_ASIC.v, 119
aes_ASIC, "D12I1025_NS wb_dat_o_26( .DIN (wb_dat_o[26]),  .EN (1'b1),  .PADIO (PAD_wb_dat_o[26]));"
  The above instance has fewer port connections than the module definition.
  Please use '+lint=TFIPC-L' to print out detailed information of unconnected 
  ports.


Warning-[TFIPC] Too few instance port connections
../rtl/aes_ASIC.v, 120
aes_ASIC, "D12I1025_NS wb_dat_o_27( .DIN (wb_dat_o[27]),  .EN (1'b1),  .PADIO (PAD_wb_dat_o[27]));"
  The above instance has fewer port connections than the module definition.
  Please use '+lint=TFIPC-L' to print out detailed information of unconnected 
  ports.


Warning-[TFIPC] Too few instance port connections
../rtl/aes_ASIC.v, 121
aes_ASIC, "D12I1025_NS wb_dat_o_28( .DIN (wb_dat_o[28]),  .EN (1'b1),  .PADIO (PAD_wb_dat_o[28]));"
  The above instance has fewer port connections than the module definition.
  Please use '+lint=TFIPC-L' to print out detailed information of unconnected 
  ports.


Warning-[TFIPC] Too few instance port connections
../rtl/aes_ASIC.v, 122
aes_ASIC, "D12I1025_NS wb_dat_o_29( .DIN (wb_dat_o[29]),  .EN (1'b1),  .PADIO (PAD_wb_dat_o[29]));"
  The above instance has fewer port connections than the module definition.
  Please use '+lint=TFIPC-L' to print out detailed information of unconnected 
  ports.


Warning-[TFIPC] Too few instance port connections
../rtl/aes_ASIC.v, 123
aes_ASIC, "D12I1025_NS wb_dat_o_30( .DIN (wb_dat_o[30]),  .EN (1'b1),  .PADIO (PAD_wb_dat_o[30]));"
  The above instance has fewer port connections than the module definition.
  Please use '+lint=TFIPC-L' to print out detailed information of unconnected 
  ports.


Warning-[TFIPC] Too few instance port connections
../rtl/aes_ASIC.v, 124
aes_ASIC, "D12I1025_NS wb_dat_o_31( .DIN (wb_dat_o[31]),  .EN (1'b1),  .PADIO (PAD_wb_dat_o[31]));"
  The above instance has fewer port connections than the module definition.
  Please use '+lint=TFIPC-L' to print out detailed information of unconnected 
  ports.


Warning-[TFIPC] Too few instance port connections
../rtl/aes_ASIC.v, 127
aes_ASIC, "D12I1025_NS wb_ack_o_0( .DIN (wb_ack_o),  .EN (1'b1),  .PADIO (PAD_wb_ack_o));"
  The above instance has fewer port connections than the module definition.
  Please use '+lint=TFIPC-L' to print out detailed information of unconnected 
  ports.


Warning-[TFIPC] Too few instance port connections
../../lib/SAED32_EDK/lib/io_std/verilog/saed32nm_io_wb.v, 1006
D16I1025_EW, "PU_PD PU_PD( .pad (PADIO),  .VDD (VDD),  .VSS (VSS),  .VDDIO (VDDIO),  .VSSIO (VSSIO));"
  The above instance has fewer port connections than the module definition.
  Please use '+lint=TFIPC-L' to print out detailed information of unconnected 
  ports.


Warning-[IWNF] Implicit wire has no fanin
../../lib/SAED32_EDK/lib/io_std/verilog/saed32nm_io_wb.v, 975
  Implicit wire 'PULL_DOWN' does not have any driver, please make sure this is
  intended.


Warning-[IWNF] Implicit wire has no fanin
../../lib/SAED32_EDK/lib/io_std/verilog/saed32nm_io_wb.v, 976
  Implicit wire 'PULL_UP' does not have any driver, please make sure this is 
  intended.


Lint-[PCTI-L] Ports coerced to input
../../lib/SAED32_EDK/lib/io_std/verilog/saed32nm_io_wb.v, 917
"VSS"
  Port "VSS" declared as inout in module "D12I1025_NS" does not have any load 
  in parent module or is connected to constant, it may need to be input. 
  Coercing to input.


Lint-[PCTI-L] Ports coerced to input
../../lib/SAED32_EDK/lib/io_std/verilog/saed32nm_io_wb.v, 917
"VDDIO"
  Port "VDDIO" declared as inout in module "D12I1025_NS" does not have any 
  load in parent module or is connected to constant, it may need to be input. 
  Coercing to input.


Lint-[PCTI-L] Ports coerced to input
../../lib/SAED32_EDK/lib/io_std/verilog/saed32nm_io_wb.v, 917
"VDD"
  Port "VDD" declared as inout in module "D12I1025_NS" does not have any load 
  in parent module or is connected to constant, it may need to be input. 
  Coercing to input.


Lint-[PCTI-L] Ports coerced to input
../../lib/SAED32_EDK/lib/io_std/verilog/saed32nm_io_wb.v, 917
"VSSIO"
  Port "VSSIO" declared as inout in module "D12I1025_NS" does not have any 
  load in parent module or is connected to constant, it may need to be input. 
  Coercing to input.


Lint-[PCTI-L] Ports coerced to input
../../lib/SAED32_EDK/lib/io_std/verilog/saed32nm_io_wb.v, 1252
"VSS"
  Port "VSS" declared as inout in module "I1025_EW" does not have any load in 
  parent module or is connected to constant, it may need to be input. 
  Coercing to input.


Lint-[PCTI-L] Ports coerced to input
../../lib/SAED32_EDK/lib/io_std/verilog/saed32nm_io_wb.v, 1252
"VDDIO"
  Port "VDDIO" declared as inout in module "I1025_EW" does not have any load 
  in parent module or is connected to constant, it may need to be input. 
  Coercing to input.


Lint-[PCTI-L] Ports coerced to input
../../lib/SAED32_EDK/lib/io_std/verilog/saed32nm_io_wb.v, 1252
"VDD"
  Port "VDD" declared as inout in module "I1025_EW" does not have any load in 
  parent module or is connected to constant, it may need to be input. 
  Coercing to input.


Lint-[PCTI-L] Ports coerced to input
../../lib/SAED32_EDK/lib/io_std/verilog/saed32nm_io_wb.v, 1252
"VSSIO"
  Port "VSSIO" declared as inout in module "I1025_EW" does not have any load 
  in parent module or is connected to constant, it may need to be input. 
  Coercing to input.

Starting vcs inline pass...
65 modules and 0 UDP read.
Generating code for _VCSgd_d3vrL
recompiling module wb_tb
Generating code for _VCSgd_WVp5e
recompiling module A1825
Generating code for _VCSgd_DJxJq
recompiling module AR1825
Generating code for _VCSgd_qxndh
recompiling module AVDD_NS
Generating code for _VCSgd_BUe7I
recompiling module AVDD_EW
Generating code for _VCSgd_x2D4Q
recompiling module AVSS_NS
Generating code for _VCSgd_mBeFP
recompiling module AVSS_EW
Generating code for _VCSgd_p7Nwc
recompiling module B12I1025_NS
Generating code for _VCSgd_Kdapf
recompiling module B12I1025_EW
Generating code for _VCSgd_NzkAY
recompiling module B12ISH1025_NS
Generating code for _VCSgd_CYtvy
recompiling module B12ISH1025_EW
Generating code for _VCSgd_giB0e
recompiling module B16I1025_NS
Generating code for _VCSgd_st0D9
recompiling module B16I1025_EW
Generating code for _VCSgd_c1xYf
recompiling module B16ISH1025_NS
Generating code for _VCSgd_aIpji
recompiling module B16ISH1025_EW
Generating code for _VCSgd_Pa7ry
recompiling module B4I1025_NS
Generating code for _VCSgd_epgq0
recompiling module B4I1025_EW
Generating code for _VCSgd_z4ddy
recompiling module B4ISH1025_NS
Generating code for _VCSgd_HnNJM
recompiling module B4ISH1025_EW
Generating code for _VCSgd_IdbTH
recompiling module B8I1025_NS
Generating code for _VCSgd_ikHWa
recompiling module B8I1025_EW
Generating code for _VCSgd_pu3xw
recompiling module B8ISH1025_NS
Generating code for _VCSgd_StzGu
recompiling module B8ISH1025_EW
Generating code for _VCSgd_tahtF
recompiling module BONDPAD
Generating code for _VCSgd_PbdKm
recompiling module BREAKCORE
Generating code for _VCSgd_qiyM6
recompiling module BREAKIO
Generating code for _VCSgd_bgABC
recompiling module CAPCORNER
Generating code for _VCSgd_YdcmU
recompiling module CIOVDDIOVSS_NS
Generating code for _VCSgd_e5T9K
recompiling module CIOVDDIOVSS_EW
Generating code for _VCSgd_MfbAj
recompiling module CORNER
Generating code for _VCSgd_Tn7qm
recompiling module CVDDVSS_NS
Generating code for _VCSgd_Tf11s
recompiling module CVDDVSS_EW
Generating code for _VCSgd_z4LDy
recompiling module D12I1025_NS
Generating code for _VCSgd_TVK80
recompiling module D12I1025_EW
Generating code for _VCSgd_tmC7x
recompiling module D16I1025_NS
Generating code for _VCSgd_kwEn2
recompiling module D16I1025_EW
Generating code for _VCSgd_qwTd5
recompiling module D4I1025_NS
Generating code for _VCSgd_ZqLRi
recompiling module D4I1025_EW
Generating code for _VCSgd_btgta
recompiling module D8I1025_NS
Generating code for _VCSgd_IETpL
recompiling module D8I1025_EW
Generating code for _VCSgd_NjfFc
recompiling module DIOVSSVSS
Generating code for _VCSgd_dAb79
recompiling module FILLER
Generating code for _VCSgd_tmJaU
recompiling module FILLER01
Generating code for _VCSgd_N9JGw
recompiling module FILLER1
Generating code for _VCSgd_WmNCT
recompiling module FILLER10
Generating code for _VCSgd_gaQxh
recompiling module FILLER15
Generating code for _VCSgd_aKbgE
recompiling module FILLER20
Generating code for _VCSgd_fzf16
recompiling module FILLER35
Generating code for _VCSgd_aEU9K
recompiling module FILLER40
Generating code for _VCSgd_U4GMw
recompiling module FILLER5
Generating code for _VCSgd_GnSAs
50 of 65 modules done
recompiling module FILLER50
Generating code for _VCSgd_r4sFz
recompiling module I1025_NS
Generating code for _VCSgd_sPS38
recompiling module I1025_EW
Generating code for _VCSgd_Ip9YT
recompiling module IOVDD_NS
Generating code for _VCSgd_fcUfA
recompiling module IOVDD_EW
Generating code for _VCSgd_pTgGp
recompiling module IOVSS_NS
Generating code for _VCSgd_rSCJ7
recompiling module IOVSS_EW
Generating code for _VCSgd_MYvqb
recompiling module ISH1025_NS
Generating code for _VCSgd_n5n1n
recompiling module ISH1025_EW
Generating code for _VCSgd_HH8Ux
recompiling module VDD_NS
Generating code for _VCSgd_SwLHL
recompiling module VDD_EW
Generating code for _VCSgd_yNyBp
recompiling module VSS_NS
Generating code for _VCSgd_CWrWU
recompiling module VSS_EW
Generating code for _VCSgd_hnp3L
recompiling module INPUT_BUFFER
Generating code for _VCSgd_JNxBW
recompiling module aes_sbox
All of 65 modules done
rm -f _csrc*.so pre_vcsobj_*.so share_vcsobj_*.so
if [ -x ../simv ]; then chmod -x ../simv; fi
g++  -o ../simv    -Wl,-rpath-link=./ -Wl,-rpath='$ORIGIN'/simv.daidir/ -Wl,-rpath=./simv.daidir/ \
-Wl,-rpath='$ORIGIN'/simv.daidir//scsim.db.dir  -rdynamic  -Wl,-rpath=/home/synopsys/vcs_mx/vcs-mx/O-2018.09-1/linux64/lib \
-L/home/synopsys/vcs_mx/vcs-mx/O-2018.09-1/linux64/lib   objs/amcQw_d.o   _19088_archive_1.so \
SIM_l.o       rmapats_mop.o rmapats.o rmar.o rmar_nd.o  rmar_llvm_0_1.o rmar_llvm_0_0.o \
-lzerosoft_rt_stubs -lvirsim -lerrorinf -lsnpsmalloc -lvfs /home/synopsys/verdi/verdi/Verdi_O-2018.09-SP2/share/PLI/VCS/LINUX64/pli.a \
-lvcsnew -lsimprofile -luclinative /home/synopsys/vcs_mx/vcs-mx/O-2018.09-1/linux64/lib/vcs_tls.o \
-Wl,-whole-archive -lvcsucli -Wl,-no-whole-archive        _vcs_pli_stub_.o   /home/synopsys/vcs_mx/vcs-mx/O-2018.09-1/linux64/lib/vcs_save_restore_new.o \
-ldl -lm  -lc -lpthread -ldl 
../simv up to date
CPU time: .736 seconds to compile + .390 seconds to elab + .169 seconds to link
