
                           Design Compiler Graphical 
                                 DC Ultra (TM)
                                  DFTMAX (TM)
                              Power Compiler (TM)
                                 DesignWare (R)
                                 DC Expert (TM)
                               Design Vision (TM)
                               HDL Compiler (TM)
                               VHDL Compiler (TM)
                                  DFT Compiler
                               Design Compiler(R)

               Version T-2022.03-SP2 for linux64 - May 25, 2022 

                    Copyright (c) 1988 - 2022 Synopsys, Inc.
   This software and the associated documentation are proprietary to Synopsys,
 Inc. This software may only be used in accordance with the terms and conditions
 of a written license agreement with Synopsys, Inc. All other use, reproduction,
   or distribution of this software is strictly prohibited.  Licensed Products
     communicate with Synopsys servers for the purpose of providing software
    updates, detecting software piracy and verifying that customers are using
    Licensed Products in conformity with the applicable License Key for such
  Licensed Products. Synopsys will use information gathered in connection with
    this process to deliver software updates and pursue software pirates and
                                   infringers.

 Inclusivity & Diversity - Visit SolvNetPlus to read the "Synopsys Statement on
            Inclusivity and Diversity" (Refer to article 000036315 at
                        https://solvnetplus.synopsys.com)
Initializing...
Loading db file '/home/host/DFT_Project/lib/SAED32_EDK/lib/stdcell_hvt/db_nldm/saed32hvt_tt1p05v25c.db'
Loading db file '/home/host/DFT_Project/lib/SAED32_EDK/lib/stdcell_hvt/db_nldm/saed32hvt_ff1p16v25c.db'
Loading db file '/home/host/DFT_Project/lib/SAED32_EDK/lib/stdcell_rvt/db_nldm/saed32rvt_tt1p05v25c.db'
Loading db file '/home/host/DFT_Project/lib/SAED32_EDK/lib/stdcell_rvt/db_nldm/saed32rvt_ff1p16v25c.db'
Loading db file '/home/host/DFT_Project/lib/SAED32_EDK/lib/io_std/db_nldm/saed32io_fc_tt1p05v25c_2p5v.db'
Loading db file '/home/host/DFT_Project/lib/SAED32_EDK/lib/io_std/db_nldm/saed32io_fc_ff1p16v25c_2p75v.db'
#***************************************************
date
Sun Mar 22 16:21:26 2026
#****************************************************
set exit_switch 	[getenv exit_switch]
true
set TOP_MODULE aes_ASIC_new
aes_ASIC_new
set_svf ${svfDir}/${TOP_MODULE}.svf
1
puts "PWD = [pwd]"
PWD = /home/host/DFT_Project/AES_full_piplined/DC
set FLISTDIR "$TOPDIR/../filelist" 
/home/host/DFT_Project/AES_full_piplined/DC/../filelist
define_design_lib WORK -path WORK
1
analyze -format verilog -lib WORK [sh cat $FLISTDIR/rtl.f]
Running PRESTO HDLC
Compiling source file ../Full_pipeline/aes_ASIC.v
Compiling source file ../Full_pipeline/aes_top.v
Compiling source file ../Full_pipeline/cipher_round.v
Compiling source file ../Full_pipeline/cipher_top.v
Compiling source file ../Full_pipeline/key_expand.v
Compiling source file ../Full_pipeline/Sbox.v
Warning:  ../Full_pipeline/Sbox.v:6: The statements in initial blocks are ignored. (VER-281)
Presto compilation completed successfully.
Loading db file '/usr/Synopsys/syn/T-2022.03-SP2/libraries/syn/dw_foundation.sldb'
1
elaborate $TOP_MODULE
Loading db file '/usr/Synopsys/syn/T-2022.03-SP2/libraries/syn/gtech.db'
Loading db file '/usr/Synopsys/syn/T-2022.03-SP2/libraries/syn/standard.sldb'
  Loading link library 'saed32hvt_tt1p05v25c'
  Loading link library 'saed32rvt_tt1p05v25c'
  Loading link library 'saed32io_fc_tt1p05v25c_2p5v'
  Loading link library 'gtech'
Running PRESTO HDLC
Presto compilation completed successfully. (aes_ASIC_new)
Elaborated 1 design.
Current design is now 'aes_ASIC_new'.
Information: Building the design 'aes_top'. (HDL-193)
Presto compilation completed successfully. (aes_top)
Information: Building the design 'encrypt'. (HDL-193)

Inferred memory devices in process
	in routine encrypt line 30 in file
		'../Full_pipeline/cipher_top.v'.
===============================================================================
|    Register Name    |   Type    | Width | Bus | MB | AR | AS | SR | SS | ST |
===============================================================================
|      state_reg      | Flip-flop | 1408  |  Y  | N  | Y  | N  | N  | N  | N  |
===============================================================================

Inferred memory devices in process
	in routine encrypt line 45 in file
		'../Full_pipeline/cipher_top.v'.
===============================================================================
|    Register Name    |   Type    | Width | Bus | MB | AR | AS | SR | SS | ST |
===============================================================================
|   round_ctrl_reg    | Flip-flop |  12   |  Y  | N  | Y  | N  | N  | N  | N  |
===============================================================================
Presto compilation completed successfully. (encrypt)
Information: Building the design 'key_expand'. (HDL-193)

Inferred memory devices in process
	in routine key_expand line 32 in file
		'../Full_pipeline/key_expand.v'.
===============================================================================
|    Register Name    |   Type    | Width | Bus | MB | AR | AS | SR | SS | ST |
===============================================================================
|       w3_reg        | Flip-flop |  32   |  Y  | N  | Y  | N  | N  | N  | N  |
|       w1_reg        | Flip-flop |  32   |  Y  | N  | Y  | N  | N  | N  | N  |
|       w0_reg        | Flip-flop |  32   |  Y  | N  | Y  | N  | N  | N  | N  |
|       w2_reg        | Flip-flop |  32   |  Y  | N  | Y  | N  | N  | N  | N  |
|      rcon_reg       | Flip-flop |   8   |  Y  | N  | Y  | N  | N  | N  | N  |
===============================================================================

Inferred memory devices in process
	in routine key_expand line 47 in file
		'../Full_pipeline/key_expand.v'.
===============================================================================
|    Register Name    |   Type    | Width | Bus | MB | AR | AS | SR | SS | ST |
===============================================================================
|   round_keys_reg    | Flip-flop | 1408  |  Y  | N  | N  | N  | N  | N  | N  |
===============================================================================

Inferred memory devices in process
	in routine key_expand line 58 in file
		'../Full_pipeline/key_expand.v'.
===============================================================================
|    Register Name    |   Type    | Width | Bus | MB | AR | AS | SR | SS | ST |
===============================================================================
|   round_ctrl_reg    | Flip-flop |   9   |  Y  | N  | Y  | N  | Y  | N  | N  |
|   round_ctrl_reg    | Flip-flop |   1   |  N  | N  | Y  | N  | N  | Y  | N  |
===============================================================================
Information:  Complex logic will not be considered for set/reset inference. (ELAB-2008)
Presto compilation completed successfully. (key_expand)
Information: Building the design 'encrypt_round'. (HDL-193)
Presto compilation completed successfully. (encrypt_round)
Information: Building the design 'encrypt_round_last'. (HDL-193)
Presto compilation completed successfully. (encrypt_round_last)
Information: Building the design 'sbox'. (HDL-193)
Statistics for MUX_OPs
======================================================
| block name/line  | Inputs | Outputs | # sel inputs |
======================================================
|     sbox/41      |  256   |    1    |      8       |
======================================================
Presto compilation completed successfully. (sbox)
1
current_design $TOP_MODULE	
Current design is 'aes_ASIC_new'.
{aes_ASIC_new}
link

  Linking design 'aes_ASIC_new'
  Using the following designs and libraries:
  --------------------------------------------------------------------------
  * (7 designs)               /home/host/DFT_Project/AES_full_piplined/DC/aes_ASIC_new.db, etc
  saed32hvt_tt1p05v25c (library) /home/host/DFT_Project/lib/SAED32_EDK/lib/stdcell_hvt/db_nldm/saed32hvt_tt1p05v25c.db
  saed32rvt_tt1p05v25c (library) /home/host/DFT_Project/lib/SAED32_EDK/lib/stdcell_rvt/db_nldm/saed32rvt_tt1p05v25c.db
  dw_foundation.sldb (library) /usr/Synopsys/syn/T-2022.03-SP2/libraries/syn/dw_foundation.sldb
  saed32io_fc_tt1p05v25c_2p5v (library) /home/host/DFT_Project/lib/SAED32_EDK/lib/io_std/db_nldm/saed32io_fc_tt1p05v25c_2p5v.db

1
if { [link] == 0 } {
	echo "Linking Error when deal with $TOP_MODULE"
	exit;
}

  Linking design 'aes_ASIC_new'
  Using the following designs and libraries:
  --------------------------------------------------------------------------
  * (7 designs)               /home/host/DFT_Project/AES_full_piplined/DC/aes_ASIC_new.db, etc
  saed32hvt_tt1p05v25c (library) /home/host/DFT_Project/lib/SAED32_EDK/lib/stdcell_hvt/db_nldm/saed32hvt_tt1p05v25c.db
  saed32rvt_tt1p05v25c (library) /home/host/DFT_Project/lib/SAED32_EDK/lib/stdcell_rvt/db_nldm/saed32rvt_tt1p05v25c.db
  dw_foundation.sldb (library) /usr/Synopsys/syn/T-2022.03-SP2/libraries/syn/dw_foundation.sldb
  saed32io_fc_tt1p05v25c_2p5v (library) /home/host/DFT_Project/lib/SAED32_EDK/lib/io_std/db_nldm/saed32io_fc_tt1p05v25c_2p5v.db

uniquify
Information: Uniquified 9 instances of design 'encrypt_round'. (OPT-1056)
Information: Uniquified 164 instances of design 'sbox'. (OPT-1056)
1
if { [check_design] == 0 } {
	echo "Check Design Error when deal with $TOP_MODULE"
	exit;
}
write -format ddc -hierarchy -output ${netlistDir}/${TOP_MODULE}_unmapped.ddc
Writing ddc file '/home/host/DFT_Project/AES_full_piplined/DC/netlist/aes_ASIC_new_unmapped.ddc'.
1
date
Sun Mar 22 16:21:28 2026
#****************************************************
#  Finish and Quit
#****************************************************
if {$exit_switch == "true"} {
exit
}

Memory usage for this session 303 Mbytes.
Memory usage for this session including child processes 303 Mbytes.
CPU usage for this session 3 seconds ( 0.00 hours ).
Elapsed time for this session 10 seconds ( 0.00 hours ).

Thank you...
