#@ # 
#@ # Running fm_shell Version T-2022.03 for linux64 -- Feb 24, 2022
#@ # Date:   Thu Dec  4 15:32:19 2025
#@ # Run by: host@eda
#@ 

source /usr/Synopsys/fm/T-2022.03/admin/setup/.synopsys_fm.setup
#@ # -- Starting source /usr/Synopsys/fm/T-2022.03/admin/setup/.synopsys_fm.setup

#@ #
#@ # .synopsys_fm.setup: Initialization File for Formality
#@ #
#@ 
#@ 
#@ #
#@ # Enable stack trace output on fatal.  Not available for all architectures.
#@ #
#@ if { $sh_arch == "sparc" || $sh_arch == "sparcOS5" || \
#@      $sh_arch == "hp700" || $sh_arch == "hpux10" } {
#@   set_unix_variable SYNOPSYS_TRACE ""
#@ }
#@ 
#@ #
#@ # Variable settings
#@ #
#@ set sh_new_variable_message true
#@ 
#@ #
#@ # Synopsys strongly recommends that you uncomment the following command
#@ # in order to set sh_command_abbrev_mode to the value "Command-Line-Only".
#@ # Command abbreviation is intended as an interactive convenience.  Using
#@ # abbreviations in scripts can cause commands to fail in subsequent releases.
#@ # 
#@ #set sh_command_abbrev_mode "Command-Line-Only"
#@ 
#@ #
#@ # Some useful aliases
#@ #
#@ alias list_commands		help
#@ 
#@ #
#@ # The alias of q to quit is commented out.  Remove the comment 
#@ # character if you want this alias.  Some users find that having 
#@ # this particular alias causes problems when mixed with page-mode
#@ # for reports - an accidental repeated 'q' not only cancels the
#@ # output but exits the tool.
#@ #
#@ #alias q quit
#@ # -- End source /usr/Synopsys/fm/T-2022.03/admin/setup/.synopsys_fm.setup

source /home/host/Downloads/AES_ASIC/FM_PostDC_PostAPR/.synopsys_fm.setup
#@ # -- Starting source /home/host/Downloads/AES_ASIC/FM_PostDC_PostAPR/.synopsys_fm.setup

#@ 
#@ # Define working directory
#@ 
#@ set TOPDIR	[sh pwd]
#@ 
#@ # Define RTL source files directory
#@ 
#@ set topDir 		"../aes_ASIC/rtl"
#@ 
#@ # Output files directory
#@ set reportsDir 		"$TOPDIR/reports"
#@ set netlistDir 		"$TOPDIR/netlist"
#@ set svfDir 		"$TOPDIR/svf"
#@ 
#@ # Design Compile system setting
#@ set search_path      	". $topDir"
#@ lappend search_path  	"../lib/SAED32_EDK/lib/io_std/verilog/"
#@ lappend search_path  	"../lib/SAED32_EDK/lib/io_std/db_nldm/"
#@ lappend search_path  	"../lib/SAED32_EDK/lib/stdcell_hvt/verilog/"
#@ lappend search_path  	"../lib/SAED32_EDK/lib/stdcell_hvt/db_nldm/"
#@ lappend search_path  	"../lib/SAED32_EDK/lib/stdcell_rvt/verilog/"
#@ lappend search_path  	"../lib/SAED32_EDK/lib/stdcell_rvt/db_nldm/"
#@ 
#@ # Cell library
#@ set target_library     	"saed32hvt_tt1p05v25c.db  saed32rvt_tt1p05v25c.db"
#@ 
#@ # Pad library
#@ set  other_library " saed32io_fc_tt1p05v25c_2p5v.db  "
#@ 
#@ 
#@ set synthetic_library 	"dw_foundation.sldb"
#@ 
#@ set link_library    	"* $target_library $synthetic_library $other_library"
#@ 
#@ 
#@ 
#@ 
#@ set hdlin_dwroot    /home/synopsys/dc/syn/O-2018.06-SP1
#@ # -- End source /home/host/Downloads/AES_ASIC/FM_PostDC_PostAPR/.synopsys_fm.setup

